<?xml version="1.0" encoding="UTF-8"?>
<coverage generated="1759787363752" clover="3.2.0">
  <project timestamp="1759787363752" name="All files">
    <metrics statements="19" coveredstatements="19" conditionals="18" coveredconditionals="18" methods="1" coveredmethods="1" elements="38" coveredelements="38" complexity="0" loc="19" ncloc="19" packages="1" files="1" classes="1"/>
    <file name="imc.js" path="C:\Users\Usuario\Documents\ProvaQA\src\imc.js">
      <metrics statements="19" coveredstatements="19" conditionals="18" coveredconditionals="18" methods="1" coveredmethods="1"/>
      <line num="2" count="11" type="cond" truecount="4" falsecount="0"/>
      <line num="3" count="2" type="stmt"/>
      <line num="6" count="9" type="cond" truecount="4" falsecount="0"/>
      <line num="7" count="3" type="stmt"/>
      <line num="10" count="6" type="stmt"/>
      <line num="11" count="6" type="stmt"/>
      <line num="13" count="6" type="cond" truecount="2" falsecount="0"/>
      <line num="14" count="1" type="stmt"/>
      <line num="15" count="5" type="cond" truecount="2" falsecount="0"/>
      <line num="16" count="1" type="stmt"/>
      <line num="17" count="4" type="cond" truecount="2" falsecount="0"/>
      <line num="18" count="1" type="stmt"/>
      <line num="19" count="3" type="cond" truecount="2" falsecount="0"/>
      <line num="20" count="1" type="stmt"/>
      <line num="21" count="2" type="cond" truecount="2" falsecount="0"/>
      <line num="22" count="1" type="stmt"/>
      <line num="24" count="1" type="stmt"/>
      <line num="27" count="6" type="stmt"/>
      <line num="30" count="1" type="stmt"/>
    </file>
  </project>
</coverage>
