{"C:\\Users\\Usuario\\Documents\\ProvaQA\\src\\imc.js": {"path":"C:\\Users\\Usuario\\Documents\\ProvaQA\\src\\imc.js","statementMap":{"0":{"start":{"line":2,"column":2},"end":{"line":4,"column":3}},"1":{"start":{"line":3,"column":4},"end":{"line":3,"column":56}},"2":{"start":{"line":6,"column":2},"end":{"line":8,"column":3}},"3":{"start":{"line":7,"column":4},"end":{"line":7,"column":66}},"4":{"start":{"line":10,"column":14},"end":{"line":10,"column":63}},"5":{"start":{"line":11,"column":22},"end":{"line":11,"column":24}},"6":{"start":{"line":13,"column":2},"end":{"line":25,"column":3}},"7":{"start":{"line":14,"column":4},"end":{"line":14,"column":37}},"8":{"start":{"line":15,"column":9},"end":{"line":25,"column":3}},"9":{"start":{"line":16,"column":4},"end":{"line":16,"column":34}},"10":{"start":{"line":17,"column":9},"end":{"line":25,"column":3}},"11":{"start":{"line":18,"column":4},"end":{"line":18,"column":32}},"12":{"start":{"line":19,"column":9},"end":{"line":25,"column":3}},"13":{"start":{"line":20,"column":4},"end":{"line":20,"column":39}},"14":{"start":{"line":21,"column":9},"end":{"line":25,"column":3}},"15":{"start":{"line":22,"column":4},"end":{"line":22,"column":40}},"16":{"start":{"line":24,"column":4},"end":{"line":24,"column":41}},"17":{"start":{"line":27,"column":2},"end":{"line":27,"column":32}},"18":{"start":{"line":30,"column":0},"end":{"line":30,"column":33}}},"fnMap":{"0":{"name":"calcularIMC","decl":{"start":{"line":1,"column":9},"end":{"line":1,"column":20}},"loc":{"start":{"line":1,"column":35},"end":{"line":28,"column":1}},"line":1}},"branchMap":{"0":{"loc":{"start":{"line":2,"column":2},"end":{"line":4,"column":3}},"type":"if","locations":[{"start":{"line":2,"column":2},"end":{"line":4,"column":3}},{"start":{},"end":{}}],"line":2},"1":{"loc":{"start":{"line":2,"column":6},"end":{"line":2,"column":60}},"type":"binary-expr","locations":[{"start":{"line":2,"column":6},"end":{"line":2,"column":30}},{"start":{"line":2,"column":34},"end":{"line":2,"column":60}}],"line":2},"2":{"loc":{"start":{"line":6,"column":2},"end":{"line":8,"column":3}},"type":"if","locations":[{"start":{"line":6,"column":2},"end":{"line":8,"column":3}},{"start":{},"end":{}}],"line":6},"3":{"loc":{"start":{"line":6,"column":6},"end":{"line":6,"column":30}},"type":"binary-expr","locations":[{"start":{"line":6,"column":6},"end":{"line":6,"column":15}},{"start":{"line":6,"column":19},"end":{"line":6,"column":30}}],"line":6},"4":{"loc":{"start":{"line":13,"column":2},"end":{"line":25,"column":3}},"type":"if","locations":[{"start":{"line":13,"column":2},"end":{"line":25,"column":3}},{"start":{"line":15,"column":9},"end":{"line":25,"column":3}}],"line":13},"5":{"loc":{"start":{"line":15,"column":9},"end":{"line":25,"column":3}},"type":"if","locations":[{"start":{"line":15,"column":9},"end":{"line":25,"column":3}},{"start":{"line":17,"column":9},"end":{"line":25,"column":3}}],"line":15},"6":{"loc":{"start":{"line":17,"column":9},"end":{"line":25,"column":3}},"type":"if","locations":[{"start":{"line":17,"column":9},"end":{"line":25,"column":3}},{"start":{"line":19,"column":9},"end":{"line":25,"column":3}}],"line":17},"7":{"loc":{"start":{"line":19,"column":9},"end":{"line":25,"column":3}},"type":"if","locations":[{"start":{"line":19,"column":9},"end":{"line":25,"column":3}},{"start":{"line":21,"column":9},"end":{"line":25,"column":3}}],"line":19},"8":{"loc":{"start":{"line":21,"column":9},"end":{"line":25,"column":3}},"type":"if","locations":[{"start":{"line":21,"column":9},"end":{"line":25,"column":3}},{"start":{"line":23,"column":9},"end":{"line":25,"column":3}}],"line":21}},"s":{"0":11,"1":2,"2":9,"3":3,"4":6,"5":6,"6":6,"7":1,"8":5,"9":1,"10":4,"11":1,"12":3,"13":1,"14":2,"15":1,"16":1,"17":6,"18":1},"f":{"0":11},"b":{"0":[2,9],"1":[11,10],"2":[3,6],"3":[9,7],"4":[1,5],"5":[1,4],"6":[1,3],"7":[1,2],"8":[1,1]},"_coverageSchema":"1a1c01bbd47fc00a2c39e90264f33305004495a9","hash":"9ae40aa0c5707ebcc041aa26e3abb426fc14e2c7"}
}
