TN:
SF:src\imc.js
FN:1,calcularIMC
FNF:1
FNH:1
FNDA:11,calcularIMC
DA:2,11
DA:3,2
DA:6,9
DA:7,3
DA:10,6
DA:11,6
DA:13,6
DA:14,1
DA:15,5
DA:16,1
DA:17,4
DA:18,1
DA:19,3
DA:20,1
DA:21,2
DA:22,1
DA:24,1
DA:27,6
DA:30,1
LF:19
LH:19
BRDA:2,0,0,2
BRDA:2,0,1,9
BRDA:2,1,0,11
BRDA:2,1,1,10
BRDA:6,2,0,3
BRDA:6,2,1,6
BRDA:6,3,0,9
BRDA:6,3,1,7
BRDA:13,4,0,1
BRDA:13,4,1,5
BRDA:15,5,0,1
BRDA:15,5,1,4
BRDA:17,6,0,1
BRDA:17,6,1,3
BRDA:19,7,0,1
BRDA:19,7,1,2
BRDA:21,8,0,1
BRDA:21,8,1,1
BRF:18
BRH:18
end_of_record
